#
# A fatal error has been detected by the Java Runtime Environment:
#
#  EXCEPTION_ACCESS_VIOLATION (0xc0000005) at pc=0x00000000607b9535, pid=8096, tid=4684
#
# JRE version: Java(TM) SE Runtime Environment (8.0_20-b26) (build 1.8.0_20-b26)
# Java VM: Java HotSpot(TM) 64-Bit Server VM (25.20-b23 mixed mode windows-amd64 compressed oops)
# Problematic frame:
# V  [jvm.dll+0x119535]
#
# Failed to write core dump. Minidumps are not enabled by default on client versions of Windows
#
# If you would like to submit a bug report, please visit:
#   http://bugreport.sun.com/bugreport/crash.jsp
#

---------------  T H R E A D  ---------------

Current thread (0x00000000177e5800):  JavaThread "JDWP Transport Listener: dt_socket" daemon [_thread_in_vm, id=4684, stack(0x0000000019040000,0x0000000019140000)]

siginfo: ExceptionCode=0xc0000005, reading address 0xffffffffffffffff

Registers:
RAX=0x000000001913f201, RBX=0x00000000177e5800, RCX=0x5072657a796c616e, RDX=0x0000000000000000
RSP=0x000000001913f210, RBP=0x5072657a796c616e, RSI=0x000000001913f328, RDI=0x0000000002db98f0
R8 =0x00000000177e5800, R9 =0x0000000000008000, R10=0x0000000000000000, R11=0x000000001bb6f47b
R12=0x0000000000000000, R13=0x00000000177ef3c8, R14=0x0000000000000000, R15=0x0000000000000000
RIP=0x00000000607b9535, EFLAGS=0x0000000000010202

Top of Stack: (sp=0x000000001913f210)
0x000000001913f210:   00000000177e5800 00000000177e5800
0x000000001913f220:   000000001913f2d8 00000000609b655b
0x000000001913f230:   00000000177e5800 00000000609d2dbd
0x000000001913f240:   0000000000000000 0000000061189149
0x000000001913f250:   000000001b147888 0000000061192912
0x000000001913f260:   00000000177e5800 0000000000000000
0x000000001913f270:   0000000000000000 0000000000000000
0x000000001913f280:   5072657a796c616e 0000000061191a09
0x000000001913f290:   000000001913f328 000000001913f300
0x000000001913f2a0:   0000000000000001 000000001b147888
0x000000001913f2b0:   5072657a796c616e 00000000611753b3
0x000000001913f2c0:   000000001913f3f0 0000000000000001
0x000000001913f2d0:   0000000000000001 000000001b147888
0x000000001913f2e0:   0000000000000001 0000000000000000
0x000000001913f2f0:   0000000000000000 0000000000000000
0x000000001913f300:   0000000000000001 0000000061175571 

Instructions: (pc=0x00000000607b9535)
0x00000000607b9515:   cc cc cc cc cc cc cc cc cc cc cc 48 83 ec 28 48
0x00000000607b9525:   85 c9 75 07 33 c0 48 83 c4 28 c3 48 89 5c 24 20
0x00000000607b9535:   48 8b 19 48 85 db 74 20 48 83 fb 37 74 1a 48 8b
0x00000000607b9545:   13 48 8b cb ff 52 10 84 c0 74 0d 48 8b c3 48 8b 


Register to memory mapping:

RAX=0x000000001913f201 is pointing into the stack for thread: 0x00000000177e5800
RBX=0x00000000177e5800 is a thread
RCX=0x5072657a796c616e is an unknown value
RDX=0x0000000000000000 is an unknown value
RSP=0x000000001913f210 is pointing into the stack for thread: 0x00000000177e5800
RBP=0x5072657a796c616e is an unknown value
RSI=0x000000001913f328 is pointing into the stack for thread: 0x00000000177e5800
RDI=0x0000000002db98f0 is an unknown value
R8 =0x00000000177e5800 is a thread
R9 =0x0000000000008000 is an unknown value
R10=0x0000000000000000 is an unknown value
R11=0x000000001bb6f47b is an unknown value
R12=0x0000000000000000 is an unknown value
R13=0x00000000177ef3c8 is an unknown value
R14=0x0000000000000000 is an unknown value
R15=0x0000000000000000 is an unknown value


Stack: [0x0000000019040000,0x0000000019140000],  sp=0x000000001913f210,  free space=1020k
Native frames: (J=compiled Java code, j=interpreted, Vv=VM code, C=native code)
V  [jvm.dll+0x119535]
V  [jvm.dll+0x332dbd]
C  [jdwp.dll+0x21a09]
C  [jdwp.dll+0x53b3]
C  [jdwp.dll+0x5571]
C  [jdwp.dll+0xf09c]
C  [jdwp.dll+0x1f2c9]
C  [jdwp.dll+0x1f49e]
V  [jvm.dll+0x1aaa18]
V  [jvm.dll+0x22aac4]
V  [jvm.dll+0x283f5a]
C  [msvcr100.dll+0x21d9f]
C  [msvcr100.dll+0x21e3b]
C  [KERNEL32.DLL+0x16ad]
C  [ntdll.dll+0x54409]


---------------  P R O C E S S  ---------------

Java Threads: ( => current thread )
  0x000000001a0c5000 JavaThread "org.eclipse.jetty.server.session.HashSessionManager@34893693Timer" daemon [_thread_blocked, id=8256, stack(0x00000000210a0000,0x00000000211a0000)]
  0x000000001a0c7000 JavaThread "qtp1948679886-31" [_thread_blocked, id=7296, stack(0x00000000208c0000,0x00000000209c0000)]
  0x000000001a0c3800 JavaThread "qtp1948679886-30" [_thread_blocked, id=8276, stack(0x00000000207c0000,0x00000000208c0000)]
  0x000000001a0c6800 JavaThread "qtp1948679886-29" [_thread_blocked, id=5264, stack(0x00000000206c0000,0x00000000207c0000)]
  0x000000001a0c5800 JavaThread "qtp1948679886-28" [_thread_blocked, id=1252, stack(0x00000000205c0000,0x00000000206c0000)]
  0x000000001b0b1000 JavaThread "qtp1948679886-27" [_thread_blocked, id=5936, stack(0x00000000204c0000,0x00000000205c0000)]
  0x000000001b0b0000 JavaThread "qtp1948679886-26-selector-ServerConnectorManager@76631e49/1" [_thread_in_native, id=7676, stack(0x00000000203c0000,0x00000000204c0000)]
  0x000000001b0af800 JavaThread "qtp1948679886-25-acceptor-0@5945af51-ServerConnector@2100d881{HTTP/1.1}{0.0.0.0:8080}" [_thread_in_native, id=5636, stack(0x0000000020010000,0x0000000020110000)]
  0x000000001dbcc800 JavaThread "qtp1948679886-24-selector-ServerConnectorManager@76631e49/0" [_thread_in_native, id=8296, stack(0x000000001ff10000,0x0000000020010000)]
  0x000000001bada800 JavaThread "resolver-4" daemon [_thread_blocked, id=3592, stack(0x000000001e5d0000,0x000000001e6d0000)]
  0x000000001bada000 JavaThread "resolver-3" daemon [_thread_blocked, id=3060, stack(0x000000001e4d0000,0x000000001e5d0000)]
  0x000000001a40c000 JavaThread "resolver-2" daemon [_thread_blocked, id=5076, stack(0x000000001e3d0000,0x000000001e4d0000)]
  0x000000001c2c9000 JavaThread "resolver-1" daemon [_thread_blocked, id=1708, stack(0x000000001b810000,0x000000001b910000)]
  0x0000000019678800 JavaThread "Service Thread" daemon [_thread_blocked, id=3216, stack(0x0000000019a40000,0x0000000019b40000)]
  0x000000001780a800 JavaThread "C1 CompilerThread2" daemon [_thread_blocked, id=8644, stack(0x0000000019540000,0x0000000019640000)]
  0x0000000017807000 JavaThread "C2 CompilerThread1" daemon [_thread_blocked, id=7380, stack(0x0000000019440000,0x0000000019540000)]
  0x0000000017801000 JavaThread "C2 CompilerThread0" daemon [_thread_blocked, id=3904, stack(0x0000000019340000,0x0000000019440000)]
  0x00000000177f6000 JavaThread "JDWP Command Reader" daemon [_thread_in_native, id=4920, stack(0x0000000019240000,0x0000000019340000)]
  0x00000000177f3800 JavaThread "JDWP Event Helper Thread" daemon [_thread_blocked, id=7756, stack(0x0000000019140000,0x0000000019240000)]
=>0x00000000177e5800 JavaThread "JDWP Transport Listener: dt_socket" daemon [_thread_in_vm, id=4684, stack(0x0000000019040000,0x0000000019140000)]
  0x00000000177de000 JavaThread "Attach Listener" daemon [_thread_blocked, id=5676, stack(0x0000000018c60000,0x0000000018d60000)]
  0x00000000177dc800 JavaThread "Signal Dispatcher" daemon [_thread_blocked, id=1308, stack(0x0000000018b60000,0x0000000018c60000)]
  0x0000000002d78000 JavaThread "Finalizer" daemon [_thread_blocked, id=3880, stack(0x0000000018a60000,0x0000000018b60000)]
  0x0000000002d6f000 JavaThread "Reference Handler" daemon [_thread_blocked, id=5896, stack(0x0000000018960000,0x0000000018a60000)]
  0x0000000002dbe800 JavaThread "main" [_thread_blocked, id=3172, stack(0x0000000001430000,0x0000000001530000)]

Other Threads:
  0x00000000177a6800 VMThread [stack: 0x0000000018860000,0x0000000018960000] [id=4100]
  0x0000000019681000 WatcherThread [stack: 0x0000000019b40000,0x0000000019c40000] [id=3564]

VM state:not at safepoint (normal execution)

VM Mutex/Monitor currently owned by a thread: None

Heap:
 PSYoungGen      total 180736K, used 126144K [0x00000000d6800000, 0x00000000e5a80000, 0x0000000100000000)
  eden space 161792K, 77% used [0x00000000d6800000,0x00000000de3301d0,0x00000000e0600000)
  from space 18944K, 0% used [0x00000000e0600000,0x00000000e0600000,0x00000000e1880000)
  to   space 19968K, 0% used [0x00000000e4700000,0x00000000e4700000,0x00000000e5a80000)
 ParOldGen       total 111104K, used 34977K [0x0000000083800000, 0x000000008a480000, 0x00000000d6800000)
  object space 111104K, 31% used [0x0000000083800000,0x0000000085a28660,0x000000008a480000)
 Metaspace       used 52509K, capacity 53492K, committed 53808K, reserved 1095680K
  class space    used 6368K, capacity 6695K, committed 6704K, reserved 1048576K

Card table byte_map: [0x0000000012180000,0x0000000012570000] byte_map_base: 0x0000000011d64000

Marking Bits: (ParMarkBitMap*) 0x0000000060e7b460
 Begin Bits: [0x0000000012c10000, 0x0000000014b30000)
 End Bits:   [0x0000000014b30000, 0x0000000016a50000)

Polling page: 0x0000000001290000

CodeCache: size=245760Kb used=22180Kb max_used=22758Kb free=223579Kb
 bounds [0x0000000002dc0000, 0x0000000004420000, 0x0000000011dc0000]
 total_blobs=6501 nmethods=6022 adapters=399
 compilation: enabled

Compilation events (10 events):
Event: 100.966 Thread 0x000000001780a800 7240       1       java.util.Calendar::getZone (5 bytes)
Event: 100.966 Thread 0x000000001780a800 nmethod 7240 0x0000000003193c50 code [0x0000000003193da0, 0x0000000003193eb0]
Event: 100.987 Thread 0x000000001780a800 7242       3       java.nio.HeapByteBuffer::put (16 bytes)
Event: 100.987 Thread 0x000000001780a800 nmethod 7242 0x00000000042bc250 code [0x00000000042bc3e0, 0x00000000042bc808]
Event: 100.987 Thread 0x000000001780a800 7243       3       java.nio.Buffer::nextPutIndex (31 bytes)
Event: 100.988 Thread 0x000000001780a800 nmethod 7243 0x000000000412c3d0 code [0x000000000412c540, 0x000000000412c768]
Event: 100.988 Thread 0x000000001780a800 7244       3       java.nio.StringCharBuffer::get (19 bytes)
Event: 100.988 Thread 0x000000001780a800 nmethod 7244 0x0000000003637fd0 code [0x0000000003638160, 0x0000000003638538]
Event: 156.685 Thread 0x000000001780a800 7245       3       java.util.concurrent.locks.ReentrantLock$NonfairSync::tryAcquire (6 bytes)
Event: 156.686 Thread 0x000000001780a800 nmethod 7245 0x000000000412bf90 code [0x000000000412c100, 0x000000000412c328]

GC Heap History (10 events):
Event: 12.544 GC heap before
{Heap before GC invocations=9 (full 1):
 PSYoungGen      total 141824K, used 14316K [0x00000000d6800000, 0x00000000e0b00000, 0x0000000100000000)
  eden space 127488K, 0% used [0x00000000d6800000,0x00000000d6800000,0x00000000de480000)
  from space 14336K, 99% used [0x00000000df600000,0x00000000e03fb3c8,0x00000000e0400000)
  to   space 17920K, 0% used [0x00000000de480000,0x00000000de480000,0x00000000df600000)
 ParOldGen       total 86016K, used 18366K [0x0000000083800000, 0x0000000088c00000, 0x00000000d6800000)
  object space 86016K, 21% used [0x0000000083800000,0x00000000849efb30,0x0000000088c00000)
 Metaspace       used 20854K, capacity 21218K, committed 21296K, reserved 1069056K
  class space    used 2430K, capacity 2583K, committed 2608K, reserved 1048576K
Event: 12.670 GC heap after
Heap after GC invocations=9 (full 1):
 PSYoungGen      total 141824K, used 0K [0x00000000d6800000, 0x00000000e0b00000, 0x0000000100000000)
  eden space 127488K, 0% used [0x00000000d6800000,0x00000000d6800000,0x00000000de480000)
  from space 14336K, 0% used [0x00000000df600000,0x00000000df600000,0x00000000e0400000)
  to   space 17920K, 0% used [0x00000000de480000,0x00000000de480000,0x00000000df600000)
 ParOldGen       total 78336K, used 25110K [0x0000000083800000, 0x0000000088480000, 0x00000000d6800000)
  object space 78336K, 32% used [0x0000000083800000,0x0000000085085940,0x0000000088480000)
 Metaspace       used 20854K, capacity 21218K, committed 21296K, reserved 1069056K
  class space    used 2430K, capacity 2583K, committed 2608K, reserved 1048576K
}
Event: 26.461 GC heap before
{Heap before GC invocations=10 (full 1):
 PSYoungGen      total 141824K, used 127488K [0x00000000d6800000, 0x00000000e0b00000, 0x0000000100000000)
  eden space 127488K, 100% used [0x00000000d6800000,0x00000000de480000,0x00000000de480000)
  from space 14336K, 0% used [0x00000000df600000,0x00000000df600000,0x00000000e0400000)
  to   space 17920K, 0% used [0x00000000de480000,0x00000000de480000,0x00000000df600000)
 ParOldGen       total 78336K, used 25110K [0x0000000083800000, 0x0000000088480000, 0x00000000d6800000)
  object space 78336K, 32% used [0x0000000083800000,0x0000000085085940,0x0000000088480000)
 Metaspace       used 25521K, capacity 26020K, committed 26160K, reserved 1073152K
  class space    used 2911K, capacity 3087K, committed 3120K, reserved 1048576K
Event: 26.480 GC heap after
Heap after GC invocations=10 (full 1):
 PSYoungGen      total 145408K, used 10866K [0x00000000d6800000, 0x00000000e2c80000, 0x0000000100000000)
  eden space 127488K, 0% used [0x00000000d6800000,0x00000000d6800000,0x00000000de480000)
  from space 17920K, 60% used [0x00000000de480000,0x00000000def1cbe0,0x00000000df600000)
  to   space 17408K, 0% used [0x00000000e1b80000,0x00000000e1b80000,0x00000000e2c80000)
 ParOldGen       total 78336K, used 25118K [0x0000000083800000, 0x0000000088480000, 0x00000000d6800000)
  object space 78336K, 32% used [0x0000000083800000,0x0000000085087940,0x0000000088480000)
 Metaspace       used 25521K, capacity 26020K, committed 26160K, reserved 1073152K
  class space    used 2911K, capacity 3087K, committed 3120K, reserved 1048576K
}
Event: 36.494 GC heap before
{Heap before GC invocations=11 (full 1):
 PSYoungGen      total 145408K, used 138354K [0x00000000d6800000, 0x00000000e2c80000, 0x0000000100000000)
  eden space 127488K, 100% used [0x00000000d6800000,0x00000000de480000,0x00000000de480000)
  from space 17920K, 60% used [0x00000000de480000,0x00000000def1cbe0,0x00000000df600000)
  to   space 17408K, 0% used [0x00000000e1b80000,0x00000000e1b80000,0x00000000e2c80000)
 ParOldGen       total 78336K, used 25118K [0x0000000083800000, 0x0000000088480000, 0x00000000d6800000)
  object space 78336K, 32% used [0x0000000083800000,0x0000000085087940,0x0000000088480000)
 Metaspace       used 31070K, capacity 31866K, committed 32048K, reserved 1077248K
  class space    used 3601K, capacity 3864K, committed 3888K, reserved 1048576K
Event: 36.510 GC heap after
Heap after GC invocations=11 (full 1):
 PSYoungGen      total 177664K, used 15093K [0x00000000d6800000, 0x00000000e2b00000, 0x0000000100000000)
  eden space 161792K, 0% used [0x00000000d6800000,0x00000000d6800000,0x00000000e0600000)
  from space 15872K, 95% used [0x00000000e1b80000,0x00000000e2a3d470,0x00000000e2b00000)
  to   space 18944K, 0% used [0x00000000e0600000,0x00000000e0600000,0x00000000e1880000)
 ParOldGen       total 78336K, used 25190K [0x0000000083800000, 0x0000000088480000, 0x00000000d6800000)
  object space 78336K, 32% used [0x0000000083800000,0x0000000085099950,0x0000000088480000)
 Metaspace       used 31070K, capacity 31866K, committed 32048K, reserved 1077248K
  class space    used 3601K, capacity 3864K, committed 3888K, reserved 1048576K
}
Event: 37.877 GC heap before
{Heap before GC invocations=12 (full 1):
 PSYoungGen      total 177664K, used 52926K [0x00000000d6800000, 0x00000000e2b00000, 0x0000000100000000)
  eden space 161792K, 23% used [0x00000000d6800000,0x00000000d8cf2400,0x00000000e0600000)
  from space 15872K, 95% used [0x00000000e1b80000,0x00000000e2a3d470,0x00000000e2b00000)
  to   space 18944K, 0% used [0x00000000e0600000,0x00000000e0600000,0x00000000e1880000)
 ParOldGen       total 78336K, used 25190K [0x0000000083800000, 0x0000000088480000, 0x00000000d6800000)
  object space 78336K, 32% used [0x0000000083800000,0x0000000085099950,0x0000000088480000)
 Metaspace       used 34567K, capacity 35368K, committed 35496K, reserved 1081344K
  class space    used 4076K, capacity 4357K, committed 4400K, reserved 1048576K
Event: 37.894 GC heap after
Heap after GC invocations=12 (full 1):
 PSYoungGen      total 180736K, used 14653K [0x00000000d6800000, 0x00000000e5a80000, 0x0000000100000000)
  eden space 161792K, 0% used [0x00000000d6800000,0x00000000d6800000,0x00000000e0600000)
  from space 18944K, 77% used [0x00000000e0600000,0x00000000e144f578,0x00000000e1880000)
  to   space 19968K, 0% used [0x00000000e4700000,0x00000000e4700000,0x00000000e5a80000)
 ParOldGen       total 78336K, used 25198K [0x0000000083800000, 0x0000000088480000, 0x00000000d6800000)
  object space 78336K, 32% used [0x0000000083800000,0x000000008509b950,0x0000000088480000)
 Metaspace       used 34567K, capacity 35368K, committed 35496K, reserved 1081344K
  class space    used 4076K, capacity 4357K, committed 4400K, reserved 1048576K
}
Event: 37.894 GC heap before
{Heap before GC invocations=13 (full 2):
 PSYoungGen      total 180736K, used 14653K [0x00000000d6800000, 0x00000000e5a80000, 0x0000000100000000)
  eden space 161792K, 0% used [0x00000000d6800000,0x00000000d6800000,0x00000000e0600000)
  from space 18944K, 77% used [0x00000000e0600000,0x00000000e144f578,0x00000000e1880000)
  to   space 19968K, 0% used [0x00000000e4700000,0x00000000e4700000,0x00000000e5a80000)
 ParOldGen       total 78336K, used 25198K [0x0000000083800000, 0x0000000088480000, 0x00000000d6800000)
  object space 78336K, 32% used [0x0000000083800000,0x000000008509b950,0x0000000088480000)
 Metaspace       used 34567K, capacity 35368K, committed 35496K, reserved 1081344K
  class space    used 4076K, capacity 4357K, committed 4400K, reserved 1048576K
Event: 38.072 GC heap after
Heap after GC invocations=13 (full 2):
 PSYoungGen      total 180736K, used 0K [0x00000000d6800000, 0x00000000e5a80000, 0x0000000100000000)
  eden space 161792K, 0% used [0x00000000d6800000,0x00000000d6800000,0x00000000e0600000)
  from space 18944K, 0% used [0x00000000e0600000,0x00000000e0600000,0x00000000e1880000)
  to   space 19968K, 0% used [0x00000000e4700000,0x00000000e4700000,0x00000000e5a80000)
 ParOldGen       total 111104K, used 34977K [0x0000000083800000, 0x000000008a480000, 0x00000000d6800000)
  object space 111104K, 31% used [0x0000000083800000,0x0000000085a28660,0x000000008a480000)
 Metaspace       used 34567K, capacity 35368K, committed 35496K, reserved 1081344K
  class space    used 4076K, capacity 4357K, committed 4400K, reserved 1048576K
}

Deoptimization events (10 events):
Event: 100.922 Thread 0x000000001a0c3800 Uncommon trap: reason=range_check action=none pc=0x00000000030e9a5c method=sun.reflect.generics.parser.SignatureParser.current()C @ 34
Event: 100.923 Thread 0x000000001a0c3800 Uncommon trap: reason=range_check action=none pc=0x00000000030e9a5c method=sun.reflect.generics.parser.SignatureParser.current()C @ 34
Event: 100.927 Thread 0x000000001a0c3800 Uncommon trap: reason=unhandled action=none pc=0x0000000002f30d70 method=org.codehaus.plexus.classworlds.realm.ClassRealm.findClass(Ljava/lang/String;)Ljava/lang/Class; @ 8
Event: 100.929 Thread 0x000000001a0c3800 Uncommon trap: reason=unhandled action=none pc=0x0000000002f30d70 method=org.codehaus.plexus.classworlds.realm.ClassRealm.findClass(Ljava/lang/String;)Ljava/lang/Class; @ 8
Event: 100.939 Thread 0x000000001a0c3800 Uncommon trap: reason=unhandled action=none pc=0x0000000002f30d70 method=org.codehaus.plexus.classworlds.realm.ClassRealm.findClass(Ljava/lang/String;)Ljava/lang/Class; @ 8
Event: 100.939 Thread 0x000000001a0c3800 Uncommon trap: reason=unhandled action=none pc=0x0000000002f30d70 method=org.codehaus.plexus.classworlds.realm.ClassRealm.findClass(Ljava/lang/String;)Ljava/lang/Class; @ 8
Event: 100.946 Thread 0x000000001a0c3800 Uncommon trap: reason=range_check action=none pc=0x00000000030e9a5c method=sun.reflect.generics.parser.SignatureParser.current()C @ 34
Event: 100.953 Thread 0x000000001a0c3800 Uncommon trap: reason=range_check action=none pc=0x00000000030e9a5c method=sun.reflect.generics.parser.SignatureParser.current()C @ 34
Event: 100.955 Thread 0x000000001a0c3800 Uncommon trap: reason=range_check action=none pc=0x00000000030e9a5c method=sun.reflect.generics.parser.SignatureParser.current()C @ 34
Event: 100.984 Thread 0x000000001a0c3800 Uncommon trap: reason=class_check action=maybe_recompile pc=0x00000000042e53d8 method=java.util.HashMap.removeNode(ILjava/lang/Object;Ljava/lang/Object;ZZ)Ljava/util/HashMap$Node; @ 68

Internal exceptions (10 events):
Event: 100.936 Thread 0x000000001a0c3800 Exception <a 'java/security/PrivilegedActionException'> (0x00000000de0323b8) thrown at [D:\re\workspace\8-2-build-windows-amd64-cygwin\jdk8u20\1074\hotspot\src\share\vm\prims\jvm.cpp, line 1275]
Event: 100.938 Thread 0x000000001a0c3800 Exception <a 'java/security/PrivilegedActionException'> (0x00000000de03bed0) thrown at [D:\re\workspace\8-2-build-windows-amd64-cygwin\jdk8u20\1074\hotspot\src\share\vm\prims\jvm.cpp, line 1275]
Event: 100.941 Thread 0x000000001a0c3800 Exception <a 'java/security/PrivilegedActionException'> (0x00000000de03d9a0) thrown at [D:\re\workspace\8-2-build-windows-amd64-cygwin\jdk8u20\1074\hotspot\src\share\vm\prims\jvm.cpp, line 1275]
Event: 100.942 Thread 0x000000001a0c3800 Exception <a 'java/security/PrivilegedActionException'> (0x00000000de043df8) thrown at [D:\re\workspace\8-2-build-windows-amd64-cygwin\jdk8u20\1074\hotspot\src\share\vm\prims\jvm.cpp, line 1275]
Event: 100.943 Thread 0x000000001a0c3800 Exception <a 'java/security/PrivilegedActionException'> (0x00000000de044a70) thrown at [D:\re\workspace\8-2-build-windows-amd64-cygwin\jdk8u20\1074\hotspot\src\share\vm\prims\jvm.cpp, line 1275]
Event: 100.944 Thread 0x000000001a0c3800 Exception <a 'java/security/PrivilegedActionException'> (0x00000000de045750) thrown at [D:\re\workspace\8-2-build-windows-amd64-cygwin\jdk8u20\1074\hotspot\src\share\vm\prims\jvm.cpp, line 1275]
Event: 100.947 Thread 0x000000001a0c3800 Exception <a 'java/lang/ArrayIndexOutOfBoundsException': 119> (0x00000000de056f18) thrown at [D:\re\workspace\8-2-build-windows-amd64-cygwin\jdk8u20\1074\hotspot\src\share\vm\interpreter\interpreterRuntime.cpp, line 366]
Event: 100.953 Thread 0x000000001a0c3800 Exception <a 'java/lang/ArrayIndexOutOfBoundsException': 114> (0x00000000de0aee58) thrown at [D:\re\workspace\8-2-build-windows-amd64-cygwin\jdk8u20\1074\hotspot\src\share\vm\interpreter\interpreterRuntime.cpp, line 366]
Event: 100.955 Thread 0x000000001a0c3800 Exception <a 'java/lang/ArrayIndexOutOfBoundsException': 128> (0x00000000de0b2480) thrown at [D:\re\workspace\8-2-build-windows-amd64-cygwin\jdk8u20\1074\hotspot\src\share\vm\interpreter\interpreterRuntime.cpp, line 366]
Event: 105.780 Thread 0x000000001a0c3800 Exception <a 'java/lang/NullPointerException'> (0x00000000de10b858) thrown at [D:\re\workspace\8-2-build-windows-amd64-cygwin\jdk8u20\1074\hotspot\src\share\vm\interpreter\linkResolver.cpp, line 1268]

Events (10 events):
Event: 245.804 Executing VM operation: EnterInterpOnlyMode
Event: 245.804 Executing nested VM operation: Deoptimize
Event: 245.805 Executing nested VM operation: Deoptimize done
Event: 245.805 Executing VM operation: EnterInterpOnlyMode done
Event: 245.805 Executing VM operation: GetCurrentLocation
Event: 245.805 Executing VM operation: GetCurrentLocation done
Event: 245.805 Executing VM operation: ChangeSingleStep
Event: 245.806 Executing VM operation: ChangeSingleStep done
Event: 245.806 Executing VM operation: ChangeSingleStep
Event: 245.807 Executing VM operation: ChangeSingleStep done


Dynamic libraries:
0x00007ff71dc50000 - 0x00007ff71dc84000 	C:\Program Files\Java\jdk1.8.0_20\bin\javaw.exe
0x00007ff89bd60000 - 0x00007ff89bf06000 	C:\Windows\SYSTEM32\ntdll.dll
0x00007ff899eb0000 - 0x00007ff899fea000 	C:\Windows\system32\KERNEL32.DLL
0x00007ff8992b0000 - 0x00007ff8993bf000 	C:\Windows\system32\KERNELBASE.dll
0x00007ff897780000 - 0x00007ff897808000 	C:\Windows\system32\apphelp.dll
0x00007ff886800000 - 0x00007ff88684f000 	C:\Windows\AppPatch\AppPatch64\AcGenral.DLL
0x00007ff899a40000 - 0x00007ff899ae7000 	C:\Windows\system32\msvcrt.dll
0x00007ff898f90000 - 0x00007ff898fbb000 	C:\Windows\SYSTEM32\SspiCli.dll
0x00007ff89a110000 - 0x00007ff89a161000 	C:\Windows\system32\SHLWAPI.dll
0x00007ff89a7c0000 - 0x00007ff89a931000 	C:\Windows\system32\USER32.dll
0x00007ff8995f0000 - 0x00007ff899768000 	C:\Windows\system32\ole32.dll
0x00007ff89a950000 - 0x00007ff89bd5f000 	C:\Windows\system32\SHELL32.dll
0x00007ff898770000 - 0x00007ff89878e000 	C:\Windows\SYSTEM32\USERENV.dll
0x00007ff89a060000 - 0x00007ff89a105000 	C:\Windows\system32\ADVAPI32.dll
0x00007ff887910000 - 0x00007ff88792b000 	C:\Windows\SYSTEM32\MPR.dll
0x00007ff899770000 - 0x00007ff8998a7000 	C:\Windows\system32\RPCRT4.dll
0x00007ff89a000000 - 0x00007ff89a057000 	C:\Windows\SYSTEM32\sechost.dll
0x00007ff89a450000 - 0x00007ff89a626000 	C:\Windows\SYSTEM32\combase.dll
0x00007ff8998f0000 - 0x00007ff899a34000 	C:\Windows\system32\GDI32.dll
0x00007ff8990e0000 - 0x00007ff8990f4000 	C:\Windows\SYSTEM32\profapi.dll
0x00007ff896fa0000 - 0x00007ff89703f000 	C:\Windows\SYSTEM32\SHCORE.dll
0x00007ff8998b0000 - 0x00007ff8998e4000 	C:\Windows\system32\IMM32.DLL
0x00007ff89a310000 - 0x00007ff89a449000 	C:\Windows\system32\MSCTF.dll
0x00007ff8982a0000 - 0x00007ff8984fa000 	C:\Windows\WinSxS\amd64_microsoft.windows.common-controls_6595b64144ccf1df_6.0.9600.17031_none_6242a4b3ecbb55a1\COMCTL32.dll
0x00000000611e0000 - 0x00000000612b2000 	C:\Program Files\Java\jdk1.8.0_20\jre\bin\msvcr100.dll
0x00000000606a0000 - 0x0000000060ef8000 	C:\Program Files\Java\jdk1.8.0_20\jre\bin\server\jvm.dll
0x00007ff88ca30000 - 0x00007ff88ca39000 	C:\Windows\SYSTEM32\WSOCK32.dll
0x00007ff893430000 - 0x00007ff89344f000 	C:\Windows\SYSTEM32\WINMM.dll
0x00007ff899d90000 - 0x00007ff899d97000 	C:\Windows\system32\PSAPI.DLL
0x00007ff899af0000 - 0x00007ff899b48000 	C:\Windows\system32\WS2_32.dll
0x00007ff893400000 - 0x00007ff89342a000 	C:\Windows\SYSTEM32\WINMMBASE.dll
0x00007ff89a940000 - 0x00007ff89a949000 	C:\Windows\system32\NSI.dll
0x00007ff899260000 - 0x00007ff8992aa000 	C:\Windows\SYSTEM32\cfgmgr32.dll
0x00007ff8979d0000 - 0x00007ff8979f6000 	C:\Windows\SYSTEM32\DEVOBJ.dll
0x0000000061c90000 - 0x0000000061c9f000 	C:\Program Files\Java\jdk1.8.0_20\jre\bin\verify.dll
0x00000000611b0000 - 0x00000000611d8000 	C:\Program Files\Java\jdk1.8.0_20\jre\bin\java.dll
0x0000000061170000 - 0x00000000611a5000 	C:\Program Files\Java\jdk1.8.0_20\jre\bin\jdwp.dll
0x0000000061c80000 - 0x0000000061c88000 	C:\Program Files\Java\jdk1.8.0_20\jre\bin\npt.dll
0x0000000061150000 - 0x0000000061166000 	C:\Program Files\Java\jdk1.8.0_20\jre\bin\zip.dll
0x0000000061140000 - 0x0000000061149000 	C:\Program Files\Java\jdk1.8.0_20\jre\bin\dt_socket.dll
0x00007ff8870d0000 - 0x00007ff8870e4000 	C:\Windows\system32\napinsp.dll
0x00007ff8870f0000 - 0x00007ff887109000 	C:\Windows\system32\pnrpnsp.dll
0x00007ff895860000 - 0x00007ff895879000 	C:\Windows\system32\NLAapi.dll
0x00007ff898a10000 - 0x00007ff898a68000 	C:\Windows\System32\mswsock.dll
0x00007ff898820000 - 0x00007ff8988c3000 	C:\Windows\SYSTEM32\DNSAPI.dll
0x00007ff887170000 - 0x00007ff88717c000 	C:\Windows\System32\winrnr.dll
0x00007ff887180000 - 0x00007ff887193000 	C:\Windows\system32\wshbth.dll
0x00007ff892320000 - 0x00007ff892388000 	C:\Windows\System32\fwpuclnt.dll
0x00007ff88afb0000 - 0x00007ff88afb9000 	C:\Windows\System32\rasadhlp.dll
0x0000000061120000 - 0x000000006113a000 	C:\Program Files\Java\jdk1.8.0_20\jre\bin\net.dll
0x0000000061100000 - 0x0000000061111000 	C:\Program Files\Java\jdk1.8.0_20\jre\bin\nio.dll
0x00007ff898a70000 - 0x00007ff898a8e000 	C:\Windows\SYSTEM32\CRYPTSP.dll
0x00007ff898660000 - 0x00007ff898695000 	C:\Windows\system32\rsaenh.dll
0x00007ff898ca0000 - 0x00007ff898cc6000 	C:\Windows\SYSTEM32\bcrypt.dll
0x00007ff898fc0000 - 0x00007ff899020000 	C:\Windows\system32\bcryptprimitives.dll
0x00007ff899020000 - 0x00007ff89902a000 	C:\Windows\SYSTEM32\CRYPTBASE.dll
0x00007ff892780000 - 0x00007ff8927a9000 	C:\Windows\SYSTEM32\IPHLPAPI.DLL
0x00007ff892760000 - 0x00007ff89276a000 	C:\Windows\SYSTEM32\WINNSI.DLL
0x00007ff892240000 - 0x00007ff892254000 	C:\Windows\SYSTEM32\dhcpcsvc6.DLL
0x00007ff892430000 - 0x00007ff892449000 	C:\Windows\SYSTEM32\dhcpcsvc.DLL
0x00000000610f0000 - 0x00000000610fd000 	C:\Program Files\Java\jdk1.8.0_20\jre\bin\management.dll
0x00007ff881810000 - 0x00007ff881998000 	C:\Windows\SYSTEM32\dbghelp.dll

VM Arguments:
jvm_args: -agentlib:jdwp=transport=dt_socket,suspend=y,address=localhost:55666 -Dmaven.home=EMBEDDED -Dclassworlds.conf=C:\Users\Atte\workspace_api\.metadata\.plugins\org.eclipse.m2e.launching\launches\m2conf8791112798456564221.tmp -Dfile.encoding=UTF-8 
java_command: org.codehaus.plexus.classworlds.launcher.Launcher -B clean install package jetty:run
java_class_path (initial): /C:/eclipse-java-luna-win32-x86_64/eclipse/plugins/org.eclipse.m2e.maven.runtime_1.5.0.20140604-2045/jars/plexus-classworlds-2.5.1.jar
Launcher Type: SUN_STANDARD

Environment Variables:
JAVA_HOME=C:\Program Files\Java\jdk1.7.0_60
PATH=C:\Program Files\Java\jdk1.8.0_20\jre\bin;C:\tools\gifsicle;C:\ProgramData\Oracle\Java\javapath;C:\tools\cocos2d-js-v3.0-rc2;C:\Windows\system32;C:\Windows;C:\Windows\System32\Wbem;C:\Windows\System32\WindowsPowerShell\v1.0\;C:\Program Files\TortoiseSVN\bin;C:\Python27;C:\Python27\Scripts;C:\Program Files (x86)\Sudowin\Clients\Console;C:\Program Files\nodejs\;C:\Program Files (x86)\scala\bin;C:\Program Files (x86)\Heroku\bin;C:\Program Files (x86)\git\cmd;C:\Program Files (x86)\Lenovo\Access Connections\;C:\Program Files (x86)\GtkSharp\2.12\bin;C:\Program Files (x86)\Microchip\MPLAB C32 Suite\bin;C:\Program Files (x86)\HI-TECH Software\PICC\9.80\bin;C:\tools\ffmpeg\bin;C:\tools\cocos2d-js-v3.0-rc2\tools\cocos2d-console\bin;C:\Users\Atte\AppData\Roaming\npm;C:\Users\Atte\.lein\bin
USERNAME=Atte
OS=Windows_NT
PROCESSOR_IDENTIFIER=Intel64 Family 6 Model 42 Stepping 7, GenuineIntel



---------------  S Y S T E M  ---------------

OS: Windows 8.1 , 64 bit Build 9600 

CPU:total 4 (2 cores per cpu, 2 threads per core) family 6 model 42 stepping 7, cmov, cx8, fxsr, mmx, sse, sse2, sse3, ssse3, sse4.1, sse4.2, popcnt, avx, aes, clmul, ht, tsc, tscinvbit

Memory: 4k page, physical 8158444k(4239844k free), swap 9469164k(4974912k free)

vm_info: Java HotSpot(TM) 64-Bit Server VM (25.20-b23) for windows-amd64 JRE (1.8.0_20-b26), built on Jul 30 2014 13:51:23 by "java_re" with MS VC++ 10.0 (VS2010)

time: Mon Dec 15 16:23:35 2014
elapsed time: 245 seconds (0d 0h 4m 5s)

